[debug] [2018-05-10T15:52:03.565Z] ----------------------------------------------------------------------
[debug] [2018-05-10T15:52:03.568Z] Command:       C:\Program Files\nodejs\node.exe C:\Users\Admin\AppData\Roaming\npm\node_modules\firebase-tools\bin\firebase serve
[debug] [2018-05-10T15:52:03.568Z] CLI Version:   3.18.4
[debug] [2018-05-10T15:52:03.568Z] Platform:      win32
[debug] [2018-05-10T15:52:03.568Z] Node Version:  v8.11.1
[debug] [2018-05-10T15:52:03.568Z] Time:          Thu May 10 2018 22:52:03 GMT+0700 (SE Asia Standard Time)
[debug] [2018-05-10T15:52:03.568Z] ----------------------------------------------------------------------
[debug] 
[debug] [2018-05-10T15:52:03.579Z] > command requires scopes: ["email","openid","https://www.googleapis.com/auth/cloudplatformprojects.readonly","https://www.googleapis.com/auth/firebase","https://www.googleapis.com/auth/cloud-platform"]
[debug] [2018-05-10T15:52:03.580Z] > authorizing via signed-in user
[debug] [2018-05-10T15:52:03.582Z] >>> HTTP REQUEST GET https://admin.firebase.com/v1/projects/mylilshopf  
  
 Thu May 10 2018 22:52:03 GMT+0700 (SE Asia Standard Time)
[debug] [2018-05-10T15:52:04.582Z] <<< HTTP RESPONSE 200
[debug] [2018-05-10T15:52:04.583Z] >>> HTTP REQUEST GET https://admin.firebase.com/v1/database/mylilshopf/tokens  
  
 Thu May 10 2018 22:52:04 GMT+0700 (SE Asia Standard Time)
[debug] [2018-05-10T15:52:05.544Z] <<< HTTP RESPONSE 200
[debug] [2018-05-10T15:52:05.545Z] >>> HTTP REQUEST GET https://cloudresourcemanager.googleapis.com/v1/projects/mylilshopf  
  
 Thu May 10 2018 22:52:05 GMT+0700 (SE Asia Standard Time)
[debug] [2018-05-10T15:52:06.660Z] <<< HTTP RESPONSE 200
[info] 
[info] === Serving from 'C:\Users\Admin\Desktop\MylilshopF'...
[info] 
[debug] [2018-05-10T15:52:06.664Z] >>> HTTP REQUEST GET https://mobilesdk-pa.googleapis.com/v1/projects/28816905891/clients/_:getWebAppConfig  
  
 Thu May 10 2018 22:52:06 GMT+0700 (SE Asia Standard Time)
[debug] [2018-05-10T15:52:08.375Z] <<< HTTP RESPONSE 200
[info] i  hosting: Serving hosting files from: public
[info] +  hosting: Local server: http://localhost:5000

